<?xml version="1.0" encoding="UTF-8"?>
<!-- Generated by org.testng.reporters.JUnitReportReporter -->
<testsuite hostname="LAPTOP-TH1PP5D1" failures="0" tests="2" name="com.tutorialsninja.testcases.SearchTests" time="9.423" errors="0" timestamp="2023-06-12T18:53:25 EDT" skipped="0">
  <testcase classname="com.tutorialsninja.testcases.SearchTests" name="searchWithValidProduct" time="4.532"/>
  <testcase classname="com.tutorialsninja.testcases.SearchTests" name="searchWithInvalidProduct" time="4.891"/>
</testsuite> <!-- com.tutorialsninja.testcases.SearchTests -->
