<?xml version="1.0" encoding="UTF-8"?>
<!-- Generated by org.testng.reporters.JUnitReportReporter -->
<testsuite hostname="LAPTOP-TH1PP5D1" failures="0" tests="6" name="com.tutorialsninja.testcases.LoginTests" time="128.787" errors="0" timestamp="2023-06-18T13:13:43 EDT" skipped="0">
  <testcase classname="com.tutorialsninja.testcases.LoginTests" name="verifyloginWithValidCredentials" time="4.843"/>
  <testcase classname="com.tutorialsninja.testcases.LoginTests" name="verifyloginWithValidCredentials" time="4.916"/>
  <testcase classname="com.tutorialsninja.testcases.LoginTests" name="verifyloginWithInvalidCredentials" time="5.084"/>
  <testcase classname="com.tutorialsninja.testcases.LoginTests" name="verifyloginWithInvalidEmailAndValidPassword" time="4.307"/>
  <testcase classname="com.tutorialsninja.testcases.LoginTests" name="verifyloginWithValidEmailAndInvalidPassword" time="4.491"/>
  <testcase classname="com.tutorialsninja.testcases.LoginTests" name="verifyLoginWithoutProvidingCredentials" time="105.146"/>
</testsuite> <!-- com.tutorialsninja.testcases.LoginTests -->
