<?xml version="1.0" encoding="UTF-8"?>
<!-- Generated by org.testng.reporters.JUnitReportReporter -->
<testsuite hostname="LAPTOP-TH1PP5D1" failures="0" tests="2" name="com.tutorialsninja.testcases.RegisterTests" time="12.166" errors="0" timestamp="2023-06-18T13:13:43 EDT" skipped="0">
  <testcase classname="com.tutorialsninja.testcases.RegisterTests" name="registeringAnAccountWithMandatoryFields" time="6.156"/>
  <testcase classname="com.tutorialsninja.testcases.RegisterTests" name="registeringAnAccountWithMandatoryFields" time="6.010"/>
</testsuite> <!-- com.tutorialsninja.testcases.RegisterTests -->
