<?xml version="1.0" encoding="UTF-8"?>
<!-- Generated by org.testng.reporters.JUnitReportReporter -->
<testsuite hostname="LAPTOP-TH1PP5D1" failures="0" tests="2" name="com.tutorialsninja.testcases.RegisterTests" time="14.436" errors="0" timestamp="2023-06-12T18:53:25 EDT" skipped="0">
  <testcase classname="com.tutorialsninja.testcases.RegisterTests" name="registeringAnAccountWithMandatoryFields" time="7.710"/>
  <testcase classname="com.tutorialsninja.testcases.RegisterTests" name="registeringAnAccountWithMandatoryFields" time="6.726"/>
</testsuite> <!-- com.tutorialsninja.testcases.RegisterTests -->
