<?xml version="1.0" encoding="UTF-8"?>
<!-- Generated by org.testng.reporters.JUnitReportReporter -->
<testsuite hostname="LAPTOP-TH1PP5D1" failures="0" tests="2" name="com.tutorialsninja.testcases.SearchTests" time="8.449" errors="0" timestamp="2023-06-18T13:13:43 EDT" skipped="0">
  <testcase classname="com.tutorialsninja.testcases.SearchTests" name="searchWithValidProduct" time="4.283"/>
  <testcase classname="com.tutorialsninja.testcases.SearchTests" name="searchWithInvalidProduct" time="4.166"/>
</testsuite> <!-- com.tutorialsninja.testcases.SearchTests -->
