<?xml version="1.0" encoding="UTF-8"?>
<!-- Generated by org.testng.reporters.JUnitReportReporter -->
<testsuite hostname="LAPTOP-TH1PP5D1" failures="0" tests="6" name="com.tutorialsninja.testcases.LoginTests" time="30.628" errors="0" timestamp="2023-06-12T18:53:25 EDT" skipped="0">
  <testcase classname="com.tutorialsninja.testcases.LoginTests" name="verifyloginWithValidCredentials" time="5.434"/>
  <testcase classname="com.tutorialsninja.testcases.LoginTests" name="verifyloginWithValidCredentials" time="5.514"/>
  <testcase classname="com.tutorialsninja.testcases.LoginTests" name="verifyloginWithInvalidCredentials" time="4.798"/>
  <testcase classname="com.tutorialsninja.testcases.LoginTests" name="verifyloginWithInvalidEmailAndValidPassword" time="4.820"/>
  <testcase classname="com.tutorialsninja.testcases.LoginTests" name="verifyloginWithValidEmailAndInvalidPassword" time="5.438"/>
  <testcase classname="com.tutorialsninja.testcases.LoginTests" name="verifyLoginWithoutProvidingCredentials" time="4.624"/>
</testsuite> <!-- com.tutorialsninja.testcases.LoginTests -->
